0 info it worked if it ends with ok
1 verbose cli [ 'C:\\Program Files\\nodejs\\\\node.exe',
1 verbose cli   'C:\\Program Files\\nodejs\\node_modules\\npm\\bin\\npm-cli.js',
1 verbose cli   'install' ]
2 info using npm@1.4.28
3 info using node@v0.10.32
4 verbose node symlink C:\Program Files\nodejs\\node.exe
5 verbose readDependencies using package.json deps
6 verbose install where, deps [ 'C:\\Users\\zemigsan\\Documents\\GitHub\\myCRM-server',
6 verbose install   [ 'express', 'mongodb', 'mongoose' ] ]
7 info preinstall node-js-getting-started@0.1.2
8 verbose readDependencies using package.json deps
9 verbose already installed skipping express@~4.9.x C:\Users\zemigsan\Documents\GitHub\myCRM-server
10 verbose cache add [ 'mongodb@~2.6.x', null ]
11 verbose cache add name=undefined spec="mongodb@~2.6.x" args=["mongodb@~2.6.x",null]
12 verbose parsed url { protocol: null,
12 verbose parsed url   slashes: null,
12 verbose parsed url   auth: null,
12 verbose parsed url   host: null,
12 verbose parsed url   port: null,
12 verbose parsed url   hostname: null,
12 verbose parsed url   hash: null,
12 verbose parsed url   search: null,
12 verbose parsed url   query: null,
12 verbose parsed url   pathname: 'mongodb@~2.6.x',
12 verbose parsed url   path: 'mongodb@~2.6.x',
12 verbose parsed url   href: 'mongodb@~2.6.x' }
13 verbose cache add [ 'mongoose@~3.x', null ]
14 verbose cache add name=undefined spec="mongoose@~3.x" args=["mongoose@~3.x",null]
15 verbose parsed url { protocol: null,
15 verbose parsed url   slashes: null,
15 verbose parsed url   auth: null,
15 verbose parsed url   host: null,
15 verbose parsed url   port: null,
15 verbose parsed url   hostname: null,
15 verbose parsed url   hash: null,
15 verbose parsed url   search: null,
15 verbose parsed url   query: null,
15 verbose parsed url   pathname: 'mongoose@~3.x',
15 verbose parsed url   path: 'mongoose@~3.x',
15 verbose parsed url   href: 'mongoose@~3.x' }
16 verbose cache add name="mongodb" spec="~2.6.x" args=["mongodb","~2.6.x"]
17 verbose parsed url { protocol: null,
17 verbose parsed url   slashes: null,
17 verbose parsed url   auth: null,
17 verbose parsed url   host: null,
17 verbose parsed url   port: null,
17 verbose parsed url   hostname: null,
17 verbose parsed url   hash: null,
17 verbose parsed url   search: null,
17 verbose parsed url   query: null,
17 verbose parsed url   pathname: '~2.6.x',
17 verbose parsed url   path: '~2.6.x',
17 verbose parsed url   href: '~2.6.x' }
18 verbose addNamed [ 'mongodb', '~2.6.x' ]
19 verbose addNamed [ null, '>=2.6.0-0 <2.7.0-0' ]
20 verbose cache add name="mongoose" spec="~3.x" args=["mongoose","~3.x"]
21 verbose parsed url { protocol: null,
21 verbose parsed url   slashes: null,
21 verbose parsed url   auth: null,
21 verbose parsed url   host: null,
21 verbose parsed url   port: null,
21 verbose parsed url   hostname: null,
21 verbose parsed url   hash: null,
21 verbose parsed url   search: null,
21 verbose parsed url   query: null,
21 verbose parsed url   pathname: '~3.x',
21 verbose parsed url   path: '~3.x',
21 verbose parsed url   href: '~3.x' }
22 verbose addNamed [ 'mongoose', '~3.x' ]
23 verbose addNamed [ null, '>=3.0.0-0 <4.0.0-0' ]
24 silly lockFile ec1709aa-mongodb-2-6-x mongodb@~2.6.x
25 verbose lock mongodb@~2.6.x C:\Users\zemigsan\AppData\Roaming\npm-cache\ec1709aa-mongodb-2-6-x.lock
26 silly lockFile 4ab892ae-mongoose-3-x mongoose@~3.x
27 verbose lock mongoose@~3.x C:\Users\zemigsan\AppData\Roaming\npm-cache\4ab892ae-mongoose-3-x.lock
28 silly addNameRange { name: 'mongodb', range: '>=2.6.0-0 <2.7.0-0', hasData: false }
29 silly addNameRange { name: 'mongoose', range: '>=3.0.0-0 <4.0.0-0', hasData: false }
30 verbose request where is /mongodb
31 verbose request registry https://registry.npmjs.org/
32 verbose request id 3b718456a4c0ae30
33 verbose url raw /mongodb
34 verbose url resolving [ 'https://registry.npmjs.org/', './mongodb' ]
35 verbose url resolved https://registry.npmjs.org/mongodb
36 verbose request where is https://registry.npmjs.org/mongodb
37 info trying registry request attempt 1 at 16:30:08
38 http GET https://registry.npmjs.org/mongodb
39 verbose request where is /mongoose
40 verbose request registry https://registry.npmjs.org/
41 verbose url raw /mongoose
42 verbose url resolving [ 'https://registry.npmjs.org/', './mongoose' ]
43 verbose url resolved https://registry.npmjs.org/mongoose
44 verbose request where is https://registry.npmjs.org/mongoose
45 info trying registry request attempt 1 at 16:30:08
46 http GET https://registry.npmjs.org/mongoose
47 http 200 https://registry.npmjs.org/mongoose
48 silly registry.get cb [ 200,
48 silly registry.get   { date: 'Sat, 20 Dec 2014 21:30:08 GMT',
48 silly registry.get     server: 'CouchDB/1.5.0 (Erlang OTP/R16B03)',
48 silly registry.get     etag: '"2YYN2GK0FBB2QQBPSSEPGCQ8X"',
48 silly registry.get     'content-type': 'application/json',
48 silly registry.get     'cache-control': 'max-age=60',
48 silly registry.get     'content-length': '286513',
48 silly registry.get     'accept-ranges': 'bytes',
48 silly registry.get     via: '1.1 varnish',
48 silly registry.get     age: '36',
48 silly registry.get     'x-served-by': 'cache-atl6221-ATL',
48 silly registry.get     'x-cache': 'HIT',
48 silly registry.get     'x-cache-hits': '1',
48 silly registry.get     'x-timer': 'S1419111008.375059,VS0,VE3',
48 silly registry.get     vary: 'Accept',
48 silly registry.get     'keep-alive': 'timeout=10, max=50',
48 silly registry.get     connection: 'Keep-Alive' } ]
49 silly addNameRange number 2 { name: 'mongoose', range: '>=3.0.0-0 <4.0.0-0', hasData: true }
50 silly addNameRange versions [ 'mongoose',
50 silly addNameRange   [ '0.0.1',
50 silly addNameRange     '0.0.2',
50 silly addNameRange     '0.0.3',
50 silly addNameRange     '0.0.4',
50 silly addNameRange     '0.0.5',
50 silly addNameRange     '1.0.0',
50 silly addNameRange     '1.0.1',
50 silly addNameRange     '1.0.2',
50 silly addNameRange     '0.0.6',
50 silly addNameRange     '1.0.3',
50 silly addNameRange     '1.0.4',
50 silly addNameRange     '1.0.5',
50 silly addNameRange     '1.0.6',
50 silly addNameRange     '1.0.7',
50 silly addNameRange     '1.0.8',
50 silly addNameRange     '1.0.10',
50 silly addNameRange     '1.0.11',
50 silly addNameRange     '1.0.12',
50 silly addNameRange     '1.0.13',
50 silly addNameRange     '1.0.14',
50 silly addNameRange     '1.0.15',
50 silly addNameRange     '1.0.16',
50 silly addNameRange     '1.1.0',
50 silly addNameRange     '1.1.1',
50 silly addNameRange     '1.1.2',
50 silly addNameRange     '1.1.3',
50 silly addNameRange     '1.1.4',
50 silly addNameRange     '1.1.5',
50 silly addNameRange     '1.1.6',
50 silly addNameRange     '1.1.7',
50 silly addNameRange     '1.1.8',
50 silly addNameRange     '1.1.9',
50 silly addNameRange     '1.1.10',
50 silly addNameRange     '1.1.11',
50 silly addNameRange     '1.1.12',
50 silly addNameRange     '1.1.13',
50 silly addNameRange     '1.1.14',
50 silly addNameRange     '1.1.15',
50 silly addNameRange     '1.1.16',
50 silly addNameRange     '1.1.17',
50 silly addNameRange     '1.1.18',
50 silly addNameRange     '1.1.19',
50 silly addNameRange     '1.1.20',
50 silly addNameRange     '1.1.21',
50 silly addNameRange     '1.1.22',
50 silly addNameRange     '1.1.23',
50 silly addNameRange     '1.1.24',
50 silly addNameRange     '1.1.25',
50 silly addNameRange     '1.2.0',
50 silly addNameRange     '1.3.0',
50 silly addNameRange     '1.3.1',
50 silly addNameRange     '1.3.2',
50 silly addNameRange     '1.3.3',
50 silly addNameRange     '1.3.4',
50 silly addNameRange     '1.3.5',
50 silly addNameRange     '1.3.6',
50 silly addNameRange     '1.3.7',
50 silly addNameRange     '1.4.0',
50 silly addNameRange     '1.5.0',
50 silly addNameRange     '1.6.0',
50 silly addNameRange     '1.7.2',
50 silly addNameRange     '1.7.3',
50 silly addNameRange     '1.7.4',
50 silly addNameRange     '1.8.0',
50 silly addNameRange     '1.8.1',
50 silly addNameRange     '1.8.2',
50 silly addNameRange     '1.8.3',
50 silly addNameRange     '1.8.4',
50 silly addNameRange     '2.0.0',
50 silly addNameRange     '2.0.1',
50 silly addNameRange     '2.0.2',
50 silly addNameRange     '2.0.3',
50 silly addNameRange     '2.0.4',
50 silly addNameRange     '2.1.0',
50 silly addNameRange     '2.1.1',
50 silly addNameRange     '2.1.2',
50 silly addNameRange     '2.1.3',
50 silly addNameRange     '2.1.4',
50 silly addNameRange     '2.2.0',
50 silly addNameRange     '2.2.1',
50 silly addNameRange     '2.2.2',
50 silly addNameRange     '2.2.3',
50 silly addNameRange     '2.2.4',
50 silly addNameRange     '2.3.0',
50 silly addNameRange     '2.3.1',
50 silly addNameRange     '2.3.2',
50 silly addNameRange     '2.3.3',
50 silly addNameRange     '2.3.4',
50 silly addNameRange     '2.3.5',
50 silly addNameRange     '2.3.6',
50 silly addNameRange     '2.3.7',
50 silly addNameRange     '2.3.8',
50 silly addNameRange     '2.3.9',
50 silly addNameRange     '2.3.10',
50 silly addNameRange     '2.3.11',
50 silly addNameRange     '2.3.12',
50 silly addNameRange     '2.3.13',
50 silly addNameRange     '2.4.0',
50 silly addNameRange     '2.4.1',
50 silly addNameRange     '2.4.2',
50 silly addNameRange     '2.4.3',
50 silly addNameRange     '2.4.4',
50 silly addNameRange     '2.4.5',
50 silly addNameRange     '2.4.6',
50 silly addNameRange     '2.4.7',
50 silly addNameRange     '2.4.8',
50 silly addNameRange     '2.4.9',
50 silly addNameRange     '2.4.10',
50 silly addNameRange     '2.5.0',
50 silly addNameRange     '2.5.1',
50 silly addNameRange     '2.5.2',
50 silly addNameRange     '2.5.3',
50 silly addNameRange     '2.5.4',
50 silly addNameRange     '2.5.5',
50 silly addNameRange     '2.5.6',
50 silly addNameRange     '2.5.7',
50 silly addNameRange     '2.5.8',
50 silly addNameRange     '2.5.9',
50 silly addNameRange     '2.5.10',
50 silly addNameRange     '2.5.11',
50 silly addNameRange     '2.5.12',
50 silly addNameRange     '2.5.13',
50 silly addNameRange     '2.5.14',
50 silly addNameRange     '2.6.0',
50 silly addNameRange     '2.6.1',
50 silly addNameRange     '2.6.2',
50 silly addNameRange     '2.6.3',
50 silly addNameRange     '2.6.4',
50 silly addNameRange     '2.6.5',
50 silly addNameRange     '2.6.6',
50 silly addNameRange     '2.6.7',
50 silly addNameRange     '2.6.8',
50 silly addNameRange     '2.7.0',
50 silly addNameRange     '2.7.1',
50 silly addNameRange     '2.7.2',
50 silly addNameRange     '2.7.4',
50 silly addNameRange     '2.7.3',
50 silly addNameRange     '3.0.0',
50 silly addNameRange     '3.0.1',
50 silly addNameRange     '3.0.2',
50 silly addNameRange     '2.8.0',
50 silly addNameRange     '3.0.3',
50 silly addNameRange     '3.1.0',
50 silly addNameRange     '2.8.1',
50 silly addNameRange     '3.1.1',
50 silly addNameRange     '2.8.2',
50 silly addNameRange     '2.8.3',
50 silly addNameRange     '2.9.0',
50 silly addNameRange     '3.2.0',
50 silly addNameRange     '2.9.1',
50 silly addNameRange     '3.2.1',
50 silly addNameRange     '2.9.2',
50 silly addNameRange     '3.2.2',
50 silly addNameRange     '3.3.0',
50 silly addNameRange     '3.3.1',
50 silly addNameRange     '2.9.3',
50 silly addNameRange     '3.4.0',
50 silly addNameRange     '2.9.4',
50 silly addNameRange     '2.9.5',
50 silly addNameRange     '3.5.0',
50 silly addNameRange     '3.5.1',
50 silly addNameRange     '3.5.2',
50 silly addNameRange     '3.5.3',
50 silly addNameRange     '2.9.6',
50 silly addNameRange     '2.9.7',
50 silly addNameRange     '3.5.4',
50 silly addNameRange     '3.5.5',
50 silly addNameRange     '2.9.8',
50 silly addNameRange     '2.9.9',
50 silly addNameRange     '3.5.6',
50 silly addNameRange     '3.5.7',
50 silly addNameRange     '3.5.8',
50 silly addNameRange     '2.9.10',
50 silly addNameRange     '3.5.9',
50 silly addNameRange     '3.6.2',
50 silly addNameRange     '3.5.10',
50 silly addNameRange     '3.6.3',
50 silly addNameRange     '3.5.11',
50 silly addNameRange     '3.6.4',
50 silly addNameRange     '3.6.5',
50 silly addNameRange     '3.6.6',
50 silly addNameRange     '3.6.7',
50 silly addNameRange     '3.5.12',
50 silly addNameRange     '3.6.8',
50 silly addNameRange     '3.6.9',
50 silly addNameRange     '3.6.10',
50 silly addNameRange     '3.5.13',
50 silly addNameRange     '3.5.14',
50 silly addNameRange     '3.6.11',
50 silly addNameRange     '3.6.12',
50 silly addNameRange     '3.6.13',
50 silly addNameRange     '3.6.14',
50 silly addNameRange     '3.6.15',
50 silly addNameRange     '3.5.15',
50 silly addNameRange     '3.7.0',
50 silly addNameRange     '3.6.16',
50 silly addNameRange     '3.5.16',
50 silly addNameRange     '3.6.17',
50 silly addNameRange     '3.7.2',
50 silly addNameRange     '3.0.0-alpha1',
50 silly addNameRange     '3.0.0-alpha2',
50 silly addNameRange     '3.0.0-rc0',
50 silly addNameRange     '3.6.0-rc0',
50 silly addNameRange     '3.6.0-rc1',
50 silly addNameRange     '3.6.18',
50 silly addNameRange     '3.7.3',
50 silly addNameRange     '3.6.19',
50 silly addNameRange     '3.6.20',
50 silly addNameRange     '3.7.4',
50 silly addNameRange     '3.8.0',
50 silly addNameRange     '3.8.1',
50 silly addNameRange     '3.8.2',
50 silly addNameRange     '3.8.3',
50 silly addNameRange     '3.8.4',
50 silly addNameRange     '3.8.5',
50 silly addNameRange     '3.8.6',
50 silly addNameRange     '3.8.7',
50 silly addNameRange     '3.8.8',
50 silly addNameRange     '3.8.9',
50 silly addNameRange     '3.8.10',
50 silly addNameRange     '3.8.11',
50 silly addNameRange     '3.9.0',
50 silly addNameRange     '3.8.12',
50 silly addNameRange     '3.8.13',
50 silly addNameRange     '3.8.14',
50 silly addNameRange     '3.8.15',
50 silly addNameRange     '3.9.1',
50 silly addNameRange     '3.8.16',
50 silly addNameRange     '3.9.2',
50 silly addNameRange     '3.8.17',
50 silly addNameRange     '3.9.3',
50 silly addNameRange     '3.8.18',
50 silly addNameRange     '3.9.4',
50 silly addNameRange     '3.8.19',
50 silly addNameRange     '3.9.5',
50 silly addNameRange     '3.8.20',
50 silly addNameRange     '3.9.6',
50 silly addNameRange     '3.8.21',
50 silly addNameRange     '3.9.7' ] ]
51 verbose addNamed [ 'mongoose', '3.8.21' ]
52 verbose addNamed [ '3.8.21', '3.8.21' ]
53 silly lockFile e1560adf-mongoose-3-8-21 mongoose@3.8.21
54 verbose lock mongoose@3.8.21 C:\Users\zemigsan\AppData\Roaming\npm-cache\e1560adf-mongoose-3-8-21.lock
55 silly lockFile e1a0ff21-org-mongoose-mongoose-3-8-21-tgz https://registry.npmjs.org/mongoose/-/mongoose-3.8.21.tgz
56 verbose lock https://registry.npmjs.org/mongoose/-/mongoose-3.8.21.tgz C:\Users\zemigsan\AppData\Roaming\npm-cache\e1a0ff21-org-mongoose-mongoose-3-8-21-tgz.lock
57 verbose addRemoteTarball [ 'https://registry.npmjs.org/mongoose/-/mongoose-3.8.21.tgz',
57 verbose addRemoteTarball   'ba96d6e73b7b73a5c133ca886de316994df2a2f0' ]
58 info retry fetch attempt 1 at 16:30:08
59 verbose fetch to= C:\Users\zemigsan\AppData\Local\Temp\npm-6400-wB0hkEoi\registry.npmjs.org\mongoose\-\mongoose-3.8.21.tgz
60 http GET https://registry.npmjs.org/mongoose/-/mongoose-3.8.21.tgz
61 http 200 https://registry.npmjs.org/mongoose/-/mongoose-3.8.21.tgz
62 http 200 https://registry.npmjs.org/mongodb
63 silly registry.get cb [ 200,
63 silly registry.get   { date: 'Sat, 20 Dec 2014 21:30:08 GMT',
63 silly registry.get     server: 'CouchDB/1.5.0 (Erlang OTP/R16B03)',
63 silly registry.get     etag: '"EUBG4MZ42QK887FLZPX2J4PA1"',
63 silly registry.get     'content-type': 'application/json',
63 silly registry.get     'cache-control': 'max-age=60',
63 silly registry.get     'content-length': '400648',
63 silly registry.get     'accept-ranges': 'bytes',
63 silly registry.get     via: '1.1 varnish',
63 silly registry.get     age: '0',
63 silly registry.get     'x-served-by': 'cache-atl6233-ATL',
63 silly registry.get     'x-cache': 'HIT',
63 silly registry.get     'x-cache-hits': '1',
63 silly registry.get     'x-timer': 'S1419111008.372643,VS0,VE119',
63 silly registry.get     vary: 'Accept',
63 silly registry.get     'keep-alive': 'timeout=10, max=50',
63 silly registry.get     connection: 'Keep-Alive' } ]
64 silly addNameRange number 2 { name: 'mongodb', range: '>=2.6.0-0 <2.7.0-0', hasData: true }
65 silly addNameRange versions [ 'mongodb',
65 silly addNameRange   [ '0.9.4',
65 silly addNameRange     '0.9.4-4',
65 silly addNameRange     '0.9.3',
65 silly addNameRange     '0.9.1',
65 silly addNameRange     '0.9.2',
65 silly addNameRange     '0.9.6-7',
65 silly addNameRange     '0.9.6-8',
65 silly addNameRange     '0.9.6-9',
65 silly addNameRange     '0.9.6-10',
65 silly addNameRange     '0.9.6-11',
65 silly addNameRange     '0.9.6-12',
65 silly addNameRange     '0.9.6-13',
65 silly addNameRange     '0.9.6-14',
65 silly addNameRange     '0.9.6-15',
65 silly addNameRange     '0.9.6-16',
65 silly addNameRange     '0.9.6-17',
65 silly addNameRange     '0.9.6-18',
65 silly addNameRange     '0.9.6-19',
65 silly addNameRange     '0.9.6-20',
65 silly addNameRange     '0.9.6-21',
65 silly addNameRange     '0.9.6-22',
65 silly addNameRange     '0.9.6-23',
65 silly addNameRange     '0.9.7',
65 silly addNameRange     '0.9.7-0',
65 silly addNameRange     '0.9.7-1',
65 silly addNameRange     '0.9.7-1.1',
65 silly addNameRange     '0.9.7-1.2',
65 silly addNameRange     '0.9.7-1.3',
65 silly addNameRange     '0.9.7-1.4',
65 silly addNameRange     '0.9.7-2',
65 silly addNameRange     '0.9.7-2-1',
65 silly addNameRange     '0.9.7-2-2',
65 silly addNameRange     '0.9.7-2-3',
65 silly addNameRange     '0.9.7-2-4',
65 silly addNameRange     '0.9.7-2-5',
65 silly addNameRange     '0.9.7-3',
65 silly addNameRange     '0.9.7-3-1',
65 silly addNameRange     '0.9.7-3-2',
65 silly addNameRange     '0.9.7-3-3',
65 silly addNameRange     '0.9.7-3-4',
65 silly addNameRange     '0.9.7-3-5',
65 silly addNameRange     '0.9.8',
65 silly addNameRange     '0.9.8-1',
65 silly addNameRange     '0.9.8-2',
65 silly addNameRange     '0.9.8-3',
65 silly addNameRange     '0.9.8-4',
65 silly addNameRange     '0.9.8-5',
65 silly addNameRange     '0.9.8-6',
65 silly addNameRange     '0.9.8-7',
65 silly addNameRange     '0.9.9',
65 silly addNameRange     '0.9.9-1',
65 silly addNameRange     '0.9.9-2',
65 silly addNameRange     '0.9.9-3',
65 silly addNameRange     '0.9.9-4',
65 silly addNameRange     '0.9.9-5',
65 silly addNameRange     '0.9.9-6',
65 silly addNameRange     '0.9.9-7',
65 silly addNameRange     '0.9.9-8',
65 silly addNameRange     '1.0.0',
65 silly addNameRange     '1.0.1',
65 silly addNameRange     '1.0.2',
65 silly addNameRange     '1.1.0-beta',
65 silly addNameRange     '1.1.0',
65 silly addNameRange     '1.1.1',
65 silly addNameRange     '1.1.2',
65 silly addNameRange     '1.1.3',
65 silly addNameRange     '1.1.4',
65 silly addNameRange     '1.1.5',
65 silly addNameRange     '1.1.6',
65 silly addNameRange     '1.1.7',
65 silly addNameRange     '1.1.8',
65 silly addNameRange     '1.1.9',
65 silly addNameRange     '1.1.10',
65 silly addNameRange     '1.1.11',
65 silly addNameRange     '1.2.0',
65 silly addNameRange     '1.2.1',
65 silly addNameRange     '1.2.2',
65 silly addNameRange     '1.2.3',
65 silly addNameRange     '1.2.4',
65 silly addNameRange     '1.2.5',
65 silly addNameRange     '1.2.6',
65 silly addNameRange     '1.2.7',
65 silly addNameRange     '1.2.8',
65 silly addNameRange     '1.2.9',
65 silly addNameRange     '1.2.10',
65 silly addNameRange     '1.2.11',
65 silly addNameRange     '1.2.12',
65 silly addNameRange     '1.2.13',
65 silly addNameRange     '1.2.14',
65 silly addNameRange     '1.3.0',
65 silly addNameRange     '1.3.1',
65 silly addNameRange     '1.3.2',
65 silly addNameRange     '1.3.3',
65 silly addNameRange     '1.3.4',
65 silly addNameRange     '1.3.5',
65 silly addNameRange     '1.3.6',
65 silly addNameRange     '1.3.7',
65 silly addNameRange     '1.3.8',
65 silly addNameRange     '1.3.9',
65 silly addNameRange     '1.3.10',
65 silly addNameRange     '1.3.11',
65 silly addNameRange     '1.3.12',
65 silly addNameRange     '1.3.14',
65 silly addNameRange     '1.3.15',
65 silly addNameRange     '1.3.17',
65 silly addNameRange     '1.3.18',
65 silly addNameRange     '1.3.19',
65 silly addNameRange     '1.4.0-rc2',
65 silly addNameRange     '1.3.20',
65 silly addNameRange     '1.4.0-rc3',
65 silly addNameRange     '1.3.21',
65 silly addNameRange     '1.3.22',
65 silly addNameRange     '1.3.23',
65 silly addNameRange     '1.4.0-rc4',
65 silly addNameRange     '1.4.0-rc5',
65 silly addNameRange     '1.4.0-rc6',
65 silly addNameRange     '1.4.0-rc7',
65 silly addNameRange     '1.4.0-rc8',
65 silly addNameRange     '1.4.0-rc9',
65 silly addNameRange     '1.4.0-rc10',
65 silly addNameRange     '1.4.0',
65 silly addNameRange     '1.4.1',
65 silly addNameRange     '1.4.2',
65 silly addNameRange     '1.4.3',
65 silly addNameRange     '1.4.4',
65 silly addNameRange     '1.4.5',
65 silly addNameRange     '1.4.6',
65 silly addNameRange     '1.4.7',
65 silly addNameRange     '1.4.8',
65 silly addNameRange     '1.4.9',
65 silly addNameRange     '1.4.10',
65 silly addNameRange     '2.0.0-alpha1',
65 silly addNameRange     '1.4.11',
65 silly addNameRange     '1.4.12',
65 silly addNameRange     '1.4.14',
65 silly addNameRange     '1.4.15',
65 silly addNameRange     '1.4.16',
65 silly addNameRange     '1.4.17',
65 silly addNameRange     '2.0.0-alpha2',
65 silly addNameRange     '1.4.18',
65 silly addNameRange     '2.0.0',
65 silly addNameRange     '2.0.1',
65 silly addNameRange     '2.0.2',
65 silly addNameRange     '1.4.19',
65 silly addNameRange     '2.0.3',
65 silly addNameRange     '2.0.4',
65 silly addNameRange     '2.0.5',
65 silly addNameRange     '2.0.6',
65 silly addNameRange     '1.4.20',
65 silly addNameRange     '1.4.22',
65 silly addNameRange     '2.0.7',
65 silly addNameRange     '2.0.8',
65 silly addNameRange     '2.0.9',
65 silly addNameRange     '1.4.23',
65 silly addNameRange     '2.0.10',
65 silly addNameRange     '1.4.24',
65 silly addNameRange     '2.0.11',
65 silly addNameRange     '1.4.25' ] ]
66 silly lockFile ec1709aa-mongodb-2-6-x mongodb@~2.6.x
67 silly lockFile ec1709aa-mongodb-2-6-x mongodb@~2.6.x
68 silly lockFile e1a0ff21-org-mongoose-mongoose-3-8-21-tgz https://registry.npmjs.org/mongoose/-/mongoose-3.8.21.tgz
69 silly lockFile e1a0ff21-org-mongoose-mongoose-3-8-21-tgz https://registry.npmjs.org/mongoose/-/mongoose-3.8.21.tgz
70 silly lockFile e1560adf-mongoose-3-8-21 mongoose@3.8.21
71 silly lockFile e1560adf-mongoose-3-8-21 mongoose@3.8.21
72 silly lockFile 4ab892ae-mongoose-3-x mongoose@~3.x
73 silly lockFile 4ab892ae-mongoose-3-x mongoose@~3.x
74 error notarget No compatible version found: mongodb@'>=2.6.0-0 <2.7.0-0'
74 error notarget Valid install targets:
74 error notarget ["0.9.4","0.9.4-4","0.9.3","0.9.1","0.9.2","0.9.6-7","0.9.6-8","0.9.6-9","0.9.6-10","0.9.6-11","0.9.6-12","0.9.6-13","0.9.6-14","0.9.6-15","0.9.6-16","0.9.6-17","0.9.6-18","0.9.6-19","0.9.6-20","0.9.6-21","0.9.6-22","0.9.6-23","0.9.7","0.9.7-0","0.9.7-1","0.9.7-1.1","0.9.7-1.2","0.9.7-1.3","0.9.7-1.4","0.9.7-2","0.9.7-2-1","0.9.7-2-2","0.9.7-2-3","0.9.7-2-4","0.9.7-2-5","0.9.7-3","0.9.7-3-1","0.9.7-3-2","0.9.7-3-3","0.9.7-3-4","0.9.7-3-5","0.9.8","0.9.8-1","0.9.8-2","0.9.8-3","0.9.8-4","0.9.8-5","0.9.8-6","0.9.8-7","0.9.9","0.9.9-1","0.9.9-2","0.9.9-3","0.9.9-4","0.9.9-5","0.9.9-6","0.9.9-7","0.9.9-8","1.0.0","1.0.1","1.0.2","1.1.0-beta","1.1.0","1.1.1","1.1.2","1.1.3","1.1.4","1.1.5","1.1.6","1.1.7","1.1.8","1.1.9","1.1.10","1.1.11","1.2.0","1.2.1","1.2.2","1.2.3","1.2.4","1.2.5","1.2.6","1.2.7","1.2.8","1.2.9","1.2.10","1.2.11","1.2.12","1.2.13","1.2.14","1.3.0","1.3.1","1.3.2","1.3.3","1.3.4","1.3.5","1.3.6","1.3.7","1.3.8","1.3.9","1.3.10","1.3.11","1.3.12","1.3.14","1.3.15","1.3.17","1.3.18","1.3.19","1.4.0-rc2","1.3.20","1.4.0-rc3","1.3.21","1.3.22","1.3.23","1.4.0-rc4","1.4.0-rc5","1.4.0-rc6","1.4.0-rc7","1.4.0-rc8","1.4.0-rc9","1.4.0-rc10","1.4.0","1.4.1","1.4.2","1.4.3","1.4.4","1.4.5","1.4.6","1.4.7","1.4.8","1.4.9","1.4.10","2.0.0-alpha1","1.4.11","1.4.12","1.4.14","1.4.15","1.4.16","1.4.17","2.0.0-alpha2","1.4.18","2.0.0","2.0.1","2.0.2","1.4.19","2.0.3","2.0.4","2.0.5","2.0.6","1.4.20","1.4.22","2.0.7","2.0.8","2.0.9","1.4.23","2.0.10","1.4.24","2.0.11","1.4.25"]
74 error notarget
74 error notarget This is most likely not a problem with npm itself.
74 error notarget In most cases you or one of your dependencies are requesting
74 error notarget a package version that doesn't exist.
75 error System Windows_NT 6.2.9200
76 error command "C:\\Program Files\\nodejs\\\\node.exe" "C:\\Program Files\\nodejs\\node_modules\\npm\\bin\\npm-cli.js" "install"
77 error cwd C:\Users\zemigsan\Documents\GitHub\myCRM-server
78 error node -v v0.10.32
79 error npm -v 1.4.28
80 error code ETARGET
81 verbose exit [ 1, true ]
